[    0.000000] Linux version 4.15.0-143-generic (buildd@lcy01-amd64-001) (gcc version 7.5.0 (Ubuntu 7.5.0-3ubuntu1~18.04)) #147-Ubuntu SMP Wed Apr 14 16:10:11 UTC 2021 (Ubuntu 4.15.0-143.147-generic 4.15.18)
[    0.000000] Command line: BOOT_IMAGE=/boot/vmlinuz-4.15.0-143-generic root=LABEL=cloudimg-rootfs ro console=tty1 console=ttyS0
[    0.000000] KERNEL supported cpus:
[    0.000000]   Intel GenuineIntel
[    0.000000]   AMD AuthenticAMD
[    0.000000]   Centaur CentaurHauls
[    0.000000] x86/fpu: Supporting XSAVE feature 0x001: 'x87 floating point registers'
[    0.000000] x86/fpu: Supporting XSAVE feature 0x002: 'SSE registers'
[    0.000000] x86/fpu: Supporting XSAVE feature 0x004: 'AVX registers'
[    0.000000] x86/fpu: xstate_offset[2]:  576, xstate_sizes[2]:  256
[    0.000000] x86/fpu: Enabled xstate features 0x7, context size is 832 bytes, using 'standard' format.
[    0.000000] e820: BIOS-provided physical RAM map:
[    0.000000] BIOS-e820: [mem 0x0000000000000000-0x000000000009fbff] usable
[    0.000000] BIOS-e820: [mem 0x000000000009fc00-0x000000000009ffff] reserved
[    0.000000] BIOS-e820: [mem 0x00000000000f0000-0x00000000000fffff] reserved
[    0.000000] BIOS-e820: [mem 0x0000000000100000-0x00000000dffeffff] usable
[    0.000000] BIOS-e820: [mem 0x00000000dfff0000-0x00000000dfffffff] ACPI data
[    0.000000] BIOS-e820: [mem 0x00000000fec00000-0x00000000fec00fff] reserved
[    0.000000] BIOS-e820: [mem 0x00000000fee00000-0x00000000fee00fff] reserved
[    0.000000] BIOS-e820: [mem 0x00000000fffc0000-0x00000000ffffffff] reserved
[    0.000000] BIOS-e820: [mem 0x0000000100000000-0x000000011fffffff] usable
[    0.000000] NX (Execute Disable) protection: active
[    0.000000] SMBIOS 2.5 present.
[    0.000000] DMI: innotek GmbH VirtualBox/VirtualBox, BIOS VirtualBox 12/01/2006
[    0.000000] Hypervisor detected: KVM
[    0.000000] e820: last_pfn = 0x120000 max_arch_pfn = 0x400000000
[    0.000000] MTRR: Disabled
[    0.000000] x86/PAT: MTRRs disabled, skipping PAT initialization too.
[    0.000000] CPU MTRRs all blank - virtualized system.
[    0.000000] x86/PAT: Configuration [0-7]: WB  WT  UC- UC  WB  WT  UC- UC  
[    0.000000] e820: last_pfn = 0xdfff0 max_arch_pfn = 0x400000000
[    0.000000] found SMP MP-table at [mem 0x0009fff0-0x0009ffff]
[    0.000000] Scanning 1 areas for low memory corruption
[    0.000000] RAMDISK: [mem 0x359cf000-0x36cdefff]
[    0.000000] ACPI: Early table checksum verification disabled
[    0.000000] ACPI: RSDP 0x00000000000E0000 000024 (v02 VBOX  )
[    0.000000] ACPI: XSDT 0x00000000DFFF0030 00003C (v01 VBOX   VBOXXSDT 00000001 ASL  00000061)
[    0.000000] ACPI: FACP 0x00000000DFFF00F0 0000F4 (v04 VBOX   VBOXFACP 00000001 ASL  00000061)
[    0.000000] ACPI: DSDT 0x00000000DFFF0470 002325 (v02 VBOX   VBOXBIOS 00000002 INTL 20190509)
[    0.000000] ACPI: FACS 0x00000000DFFF0200 000040
[    0.000000] ACPI: FACS 0x00000000DFFF0200 000040
[    0.000000] ACPI: APIC 0x00000000DFFF0240 00005C (v02 VBOX   VBOXAPIC 00000001 ASL  00000061)
[    0.000000] ACPI: SSDT 0x00000000DFFF02A0 0001CC (v01 VBOX   VBOXCPUT 00000002 INTL 20190509)
[    0.000000] No NUMA configuration found
[    0.000000] Faking a node at [mem 0x0000000000000000-0x000000011fffffff]
[    0.000000] NODE_DATA(0) allocated [mem 0x11ffd1000-0x11fffbfff]
[    0.000000] kvm-clock: cpu 0, msr 1:1ff50001, primary cpu clock
[    0.000000] kvm-clock: Using msrs 4b564d01 and 4b564d00
[    0.000000] kvm-clock: using sched offset of 3369950168 cycles
[    0.000000] clocksource: kvm-clock: mask: 0xffffffffffffffff max_cycles: 0x1cd42e4dffb, max_idle_ns: 881590591483 ns
[    0.000000] Zone ranges:
[    0.000000]   DMA      [mem 0x0000000000001000-0x0000000000ffffff]
[    0.000000]   DMA32    [mem 0x0000000001000000-0x00000000ffffffff]
[    0.000000]   Normal   [mem 0x0000000100000000-0x000000011fffffff]
[    0.000000]   Device   empty
[    0.000000] Movable zone start for each node
[    0.000000] Early memory node ranges
[    0.000000]   node   0: [mem 0x0000000000001000-0x000000000009efff]
[    0.000000]   node   0: [mem 0x0000000000100000-0x00000000dffeffff]
[    0.000000]   node   0: [mem 0x0000000100000000-0x000000011fffffff]
[    0.000000] Reserved but unavailable: 98 pages
[    0.000000] Initmem setup node 0 [mem 0x0000000000001000-0x000000011fffffff]
[    0.000000] ACPI: PM-Timer IO Port: 0x4008
[    0.000000] IOAPIC[0]: apic_id 2, version 32, address 0xfec00000, GSI 0-23
[    0.000000] ACPI: INT_SRC_OVR (bus 0 bus_irq 0 global_irq 2 dfl dfl)
[    0.000000] ACPI: INT_SRC_OVR (bus 0 bus_irq 9 global_irq 9 low level)
[    0.000000] Using ACPI (MADT) for SMP configuration information
[    0.000000] smpboot: Allowing 2 CPUs, 0 hotplug CPUs
[    0.000000] PM: Registered nosave memory: [mem 0x00000000-0x00000fff]
[    0.000000] PM: Registered nosave memory: [mem 0x0009f000-0x0009ffff]
[    0.000000] PM: Registered nosave memory: [mem 0x000a0000-0x000effff]
[    0.000000] PM: Registered nosave memory: [mem 0x000f0000-0x000fffff]
[    0.000000] PM: Registered nosave memory: [mem 0xdfff0000-0xdfffffff]
[    0.000000] PM: Registered nosave memory: [mem 0xe0000000-0xfebfffff]
[    0.000000] PM: Registered nosave memory: [mem 0xfec00000-0xfec00fff]
[    0.000000] PM: Registered nosave memory: [mem 0xfec01000-0xfedfffff]
[    0.000000] PM: Registered nosave memory: [mem 0xfee00000-0xfee00fff]
[    0.000000] PM: Registered nosave memory: [mem 0xfee01000-0xfffbffff]
[    0.000000] PM: Registered nosave memory: [mem 0xfffc0000-0xffffffff]
[    0.000000] e820: [mem 0xe0000000-0xfebfffff] available for PCI devices
[    0.000000] Booting paravirtualized kernel on KVM
[    0.000000] clocksource: refined-jiffies: mask: 0xffffffff max_cycles: 0xffffffff, max_idle_ns: 7645519600211568 ns
[    0.000000] random: get_random_bytes called from start_kernel+0x99/0x500 with crng_init=0
[    0.000000] setup_percpu: NR_CPUS:8192 nr_cpumask_bits:2 nr_cpu_ids:2 nr_node_ids:1
[    0.000000] percpu: Embedded 45 pages/cpu s147456 r8192 d28672 u1048576
[    0.000000] PV qspinlock hash table entries: 256 (order: 0, 4096 bytes)
[    0.000000] Built 1 zonelists, mobility grouping on.  Total pages: 1032057
[    0.000000] Policy zone: Normal
[    0.000000] Kernel command line: BOOT_IMAGE=/boot/vmlinuz-4.15.0-143-generic root=LABEL=cloudimg-rootfs ro console=tty1 console=ttyS0
[    0.000000] Memory: 4013328K/4193848K available (12300K kernel code, 2483K rwdata, 4316K rodata, 2444K init, 2724K bss, 180520K reserved, 0K cma-reserved)
[    0.000000] SLUB: HWalign=64, Order=0-3, MinObjects=0, CPUs=2, Nodes=1
[    0.000000] Kernel/User page tables isolation: enabled
[    0.000000] ftrace: allocating 39437 entries in 155 pages
[    0.004000] Hierarchical RCU implementation.
[    0.004000] 	RCU restricting CPUs from NR_CPUS=8192 to nr_cpu_ids=2.
[    0.004000] 	Tasks RCU enabled.
[    0.004000] RCU: Adjusting geometry for rcu_fanout_leaf=16, nr_cpu_ids=2
[    0.004000] NR_IRQS: 524544, nr_irqs: 440, preallocated irqs: 16
[    0.004000] Console: colour VGA+ 80x25
[    0.004000] console [tty1] enabled
[    0.004000] console [ttyS0] enabled
[    0.004000] ACPI: Core revision 20170831
[    0.004000] ACPI: 2 ACPI AML tables successfully acquired and loaded
[    0.004000] APIC: Switch to symmetric I/O mode setup
[    0.004000] x2apic enabled
[    0.004000] Switched APIC routing to physical x2apic.
[    0.004000] ..TIMER: vector=0x30 apic1=0 pin1=2 apic2=-1 pin2=-1
[    0.004008] tsc: Detected 2593.962 MHz processor
[    0.004821] Calibrating delay loop (skipped) preset value.. 5187.92 BogoMIPS (lpj=10375848)
[    0.008008] pid_max: default: 32768 minimum: 301
[    0.008835] Security Framework initialized
[    0.010417] Yama: becoming mindful.
[    0.011066] AppArmor: AppArmor initialized
[    0.014817] Dentry cache hash table entries: 524288 (order: 10, 4194304 bytes)
[    0.016895] Inode-cache hash table entries: 262144 (order: 9, 2097152 bytes)
[    0.018107] Mount-cache hash table entries: 8192 (order: 4, 65536 bytes)
[    0.019221] Mountpoint-cache hash table entries: 8192 (order: 4, 65536 bytes)
[    0.020298] Last level iTLB entries: 4KB 1024, 2MB 1024, 4MB 1024
[    0.021307] Last level dTLB entries: 4KB 1024, 2MB 1024, 4MB 1024, 1GB 4
[    0.022390] Spectre V1 : Mitigation: usercopy/swapgs barriers and __user pointer sanitization
[    0.024009] Spectre V2 : Mitigation: Full generic retpoline
[    0.025257] Spectre V2 : Spectre v2 / SpectreRSB mitigation: Filling RSB on context switch
[    0.028010] Speculative Store Bypass: Vulnerable
[    0.028943] SRBDS: Unknown: Dependent on hypervisor status
[    0.029698] MDS: Mitigation: Clear CPU buffers
[    0.030455] Freeing SMP alternatives memory: 36K
[    0.141299] smpboot: CPU0: Intel(R) Core(TM) i7-4720HQ CPU @ 2.60GHz (family: 0x6, model: 0x3c, stepping: 0x3)
[    0.144000] Performance Events: unsupported p6 CPU model 60 no PMU driver, software events only.
[    0.144082] Hierarchical SRCU implementation.
[    0.145668] NMI watchdog: Perf event create on CPU 0 failed with -2
[    0.146815] NMI watchdog: Perf NMI watchdog permanently disabled
[    0.148175] smp: Bringing up secondary CPUs ...
[    0.150578] x86: Booting SMP configuration:
[    0.152010] .... node  #0, CPUs:      #1
[    0.004000] kvm-clock: cpu 1, msr 1:1ff50041, secondary cpu clock
[    0.158244] smp: Brought up 1 node, 2 CPUs
[    0.158244] smpboot: Max logical packages: 1
[    0.158244] smpboot: Total of 2 processors activated (10375.84 BogoMIPS)
[    0.160392] devtmpfs: initialized
[    0.160640] x86/mm: Memory block size: 128MB
[    0.161683] evm: security.selinux
[    0.162248] evm: security.SMACK64
[    0.164007] evm: security.SMACK64EXEC
[    0.164621] evm: security.SMACK64TRANSMUTE
[    0.165487] evm: security.SMACK64MMAP
[    0.166317] evm: security.apparmor
[    0.167028] evm: security.ima
[    0.167589] evm: security.capability
[    0.168142] clocksource: jiffies: mask: 0xffffffff max_cycles: 0xffffffff, max_idle_ns: 7645041785100000 ns
[    0.169349] futex hash table entries: 512 (order: 3, 32768 bytes)
[    0.170604] pinctrl core: initialized pinctrl subsystem
[    0.172266] RTC time:  9:28:26, date: 05/20/21
[    0.176196] NET: Registered protocol family 16
[    0.176945] audit: initializing netlink subsys (disabled)
[    0.177952] audit: type=2000 audit(1621502912.035:1): state=initialized audit_enabled=0 res=1
[    0.180022] cpuidle: using governor ladder
[    0.180638] cpuidle: using governor menu
[    0.181327] ACPI: bus type PCI registered
[    0.181972] acpiphp: ACPI Hot Plug PCI Controller Driver version: 0.5
[    0.182961] PCI: Using configuration type 1 for base access
[    0.185101] HugeTLB registered 2.00 MiB page size, pre-allocated 0 pages
[    0.185101] ACPI: Added _OSI(Module Device)
[    0.185101] ACPI: Added _OSI(Processor Device)
[    0.188013] ACPI: Added _OSI(3.0 _SCP Extensions)
[    0.188686] ACPI: Added _OSI(Processor Aggregator Device)
[    0.189668] ACPI: Added _OSI(Linux-Dell-Video)
[    0.190349] ACPI: Added _OSI(Linux-Lenovo-NV-HDMI-Audio)
[    0.191331] ACPI: Added _OSI(Linux-HPI-Hybrid-Graphics)
[    0.192280] ACPI: Executed 1 blocks of module-level executable AML code
[    0.198726] ACPI: Interpreter enabled
[    0.200000] ACPI: (supports S0 S5)
[    0.200000] ACPI: Using IOAPIC for interrupt routing
[    0.200443] PCI: Using host bridge windows from ACPI; if necessary, use "pci=nocrs" and report a bug
[    0.204189] ACPI: Enabled 2 GPEs in block 00 to 07
[    0.211515] ACPI: PCI Root Bridge [PCI0] (domain 0000 [bus 00-ff])
[    0.212013] acpi PNP0A03:00: _OSC: OS supports [ASPM ClockPM Segments MSI]
[    0.213458] acpi PNP0A03:00: _OSC: not requesting OS control; OS requires [ExtendedConfig ASPM ClockPM MSI]
[    0.214983] acpi PNP0A03:00: fail to add MMCONFIG information, can't access extended PCI configuration space under this bridge.
[    0.216387] PCI host bridge to bus 0000:00
[    0.217028] pci_bus 0000:00: root bus resource [io  0x0000-0x0cf7 window]
[    0.217961] pci_bus 0000:00: root bus resource [io  0x0d00-0xffff window]
[    0.220005] pci_bus 0000:00: root bus resource [mem 0x000a0000-0x000bffff window]
[    0.221088] pci_bus 0000:00: root bus resource [mem 0xe0000000-0xfdffffff window]
[    0.222174] pci_bus 0000:00: root bus resource [bus 00-ff]
[    0.225793] pci 0000:00:01.1: legacy IDE quirk: reg 0x10: [io  0x01f0-0x01f7]
[    0.227129] pci 0000:00:01.1: legacy IDE quirk: reg 0x14: [io  0x03f6]
[    0.228011] pci 0000:00:01.1: legacy IDE quirk: reg 0x18: [io  0x0170-0x0177]
[    0.229296] pci 0000:00:01.1: legacy IDE quirk: reg 0x1c: [io  0x0376]
[    0.345327] pci 0000:00:07.0: quirk: [io  0x4000-0x403f] claimed by PIIX4 ACPI
[    0.346677] pci 0000:00:07.0: quirk: [io  0x4100-0x410f] claimed by PIIX4 SMB
[    0.426262] ACPI: PCI Interrupt Link [LNKA] (IRQs 5 9 10 *11)
[    0.428552] ACPI: PCI Interrupt Link [LNKB] (IRQs 5 9 *10 11)
[    0.432220] ACPI: PCI Interrupt Link [LNKC] (IRQs 5 *9 10 11)
[    0.436237] ACPI: PCI Interrupt Link [LNKD] (IRQs 5 9 10 *11)
[    0.438067] SCSI subsystem initialized
[    0.438942] pci 0000:00:02.0: vgaarb: setting as boot VGA device
[    0.438942] pci 0000:00:02.0: vgaarb: VGA device added: decodes=io+mem,owns=io+mem,locks=none
[    0.440013] pci 0000:00:02.0: vgaarb: bridge control possible
[    0.444010] vgaarb: loaded
[    0.444598] ACPI: bus type USB registered
[    0.445334] usbcore: registered new interface driver usbfs
[    0.446503] usbcore: registered new interface driver hub
[    0.447552] usbcore: registered new device driver usb
[    0.448134] EDAC MC: Ver: 3.0.0
[    0.448879] PCI: Using ACPI for IRQ routing
[    0.449164] NetLabel: Initializing
[    0.449817] NetLabel:  domain hash size = 128
[    0.452006] NetLabel:  protocols = UNLABELED CIPSOv4 CALIPSO
[    0.453085] NetLabel:  unlabeled traffic allowed by default
[    0.454136] clocksource: Switched to clocksource kvm-clock
[    0.470464] VFS: Disk quotas dquot_6.6.0
[    0.471280] VFS: Dquot-cache hash table entries: 512 (order 0, 4096 bytes)
[    0.472652] AppArmor: AppArmor Filesystem Enabled
[    0.473807] pnp: PnP ACPI init
[    0.475569] pnp: PnP ACPI: found 3 devices
[    0.485603] clocksource: acpi_pm: mask: 0xffffff max_cycles: 0xffffff, max_idle_ns: 2085701024 ns
[    0.488038] NET: Registered protocol family 2
[    0.489707] TCP established hash table entries: 32768 (order: 6, 262144 bytes)
[    0.492257] TCP bind hash table entries: 32768 (order: 7, 524288 bytes)
[    0.494683] TCP: Hash tables configured (established 32768 bind 32768)
[    0.496652] UDP hash table entries: 2048 (order: 4, 65536 bytes)
[    0.497862] UDP-Lite hash table entries: 2048 (order: 4, 65536 bytes)
[    0.501738] NET: Registered protocol family 1
[    0.502391] pci 0000:00:00.0: Limiting direct PCI/PCI transfers
[    0.503287] pci 0000:00:01.0: Activating ISA DMA hang workarounds
[    0.504268] pci 0000:00:02.0: Video device with shadowed ROM at [mem 0x000c0000-0x000dffff]
[    0.505592] Unpacking initramfs...
[    0.798112] Freeing initrd memory: 19520K
[    0.802737] PCI-DMA: Using software bounce buffering for IO (SWIOTLB)
[    0.808456] software IO TLB: mapped [mem 0xdbff0000-0xdfff0000] (64MB)
[    0.809806] clocksource: tsc: mask: 0xffffffffffffffff max_cycles: 0x2563f420622, max_idle_ns: 440795279391 ns
[    0.811814] platform rtc_cmos: registered platform RTC device (no PNP device found)
[    0.813407] Scanning for low memory corruption every 60 seconds
[    0.815938] Initialise system trusted keyrings
[    0.817304] Key type blacklist registered
[    0.818975] workingset: timestamp_bits=36 max_order=20 bucket_order=0
[    0.820887] zbud: loaded
[    0.821982] squashfs: version 4.0 (2009/01/31) Phillip Lougher
[    0.823286] fuse init (API version 7.26)
[    0.828890] Key type asymmetric registered
[    0.829556] Asymmetric key parser 'x509' registered
[    0.830329] Block layer SCSI generic (bsg) driver version 0.4 loaded (major 246)
[    0.832438] io scheduler noop registered
[    0.833218] io scheduler deadline registered
[    0.834135] io scheduler cfq registered (default)
[    0.835867] ACPI: AC Adapter [AC] (on-line)
[    0.837180] input: Power Button as /devices/LNXSYSTM:00/LNXPWRBN:00/input/input0
[    0.838732] ACPI: Power Button [PWRF]
[    0.839643] input: Sleep Button as /devices/LNXSYSTM:00/LNXSLPBN:00/input/input1
[    0.843713] ACPI: Sleep Button [SLPF]
[    0.844951] Serial: 8250/16550 driver, 32 ports, IRQ sharing enabled
[    0.845929] ACPI: Battery Slot [BAT0] (battery present)
[    0.870035] 00:02: ttyS0 at I/O 0x3f8 (irq = 4, base_baud = 115200) is a 16550A
[    0.874035] Linux agpgart interface v0.103
[    0.877755] loop: module loaded
[    0.881402] scsi host0: ata_piix
[    0.883881] scsi host1: ata_piix
[    0.884603] ata1: PATA max UDMA/33 cmd 0x1f0 ctl 0x3f6 bmdma 0xd000 irq 14
[    0.885884] ata2: PATA max UDMA/33 cmd 0x170 ctl 0x376 bmdma 0xd008 irq 15
[    0.887416] libphy: Fixed MDIO Bus: probed
[    0.888286] tun: Universal TUN/TAP device driver, 1.6
[    0.889414] PPP generic driver version 2.4.2
[    0.890348] ehci_hcd: USB 2.0 'Enhanced' Host Controller (EHCI) Driver
[    0.891964] ehci-pci: EHCI PCI platform driver
[    0.893024] ehci-platform: EHCI generic platform driver
[    0.894233] ohci_hcd: USB 1.1 'Open' Host Controller (OHCI) Driver
[    0.895589] ohci-pci: OHCI PCI platform driver
[    0.896473] ohci-platform: OHCI generic platform driver
[    0.897262] uhci_hcd: USB Universal Host Controller Interface driver
[    0.898202] i8042: PNP: PS/2 Controller [PNP0303:PS2K,PNP0f03:PS2M] at 0x60,0x64 irq 1,12
[    0.900476] serio: i8042 KBD port at 0x60,0x64 irq 1
[    0.901554] serio: i8042 AUX port at 0x60,0x64 irq 12
[    0.902730] mousedev: PS/2 mouse device common for all mice
[    0.904213] input: AT Translated Set 2 keyboard as /devices/platform/i8042/serio0/input/input2
[    0.907038] rtc_cmos rtc_cmos: rtc core: registered rtc_cmos as rtc0
[    0.908490] rtc_cmos rtc_cmos: alarms up to one day, 114 bytes nvram
[    0.909647] i2c /dev entries driver
[    0.910650] device-mapper: uevent: version 1.0.3
[    0.911859] device-mapper: ioctl: 4.37.0-ioctl (2017-09-20) initialised: dm-devel@redhat.com
[    0.914315] ledtrig-cpu: registered to indicate activity on CPUs
[    0.918896] NET: Registered protocol family 10
[    0.925348] Segment Routing with IPv6
[    0.935636] NET: Registered protocol family 17
[    0.936754] Key type dns_resolver registered
[    0.937828] mce: Using 0 MCE banks
[    0.938708] RAS: Correctable Errors collector initialized.
[    0.939671] sched_clock: Marking stable (937778343, 0)->(1273907379, -336129036)
[    0.943104] registered taskstats version 1
[    0.946132] Loading compiled-in X.509 certificates
[    0.950765] Loaded X.509 cert 'Build time autogenerated kernel key: de118354fe72448b469776565e76ac30c08e8db2'
[    0.953414] Loaded X.509 cert 'Canonical Ltd. Live Patch Signing: 14df34d1a87cf37625abec039ef2bf521249b969'
[    0.956048] Loaded X.509 cert 'Canonical Ltd. Kernel Module Signing: 88f752e560a1e0737e31163a466ad7b70a850c19'
[    0.958522] zswap: loaded using pool lzo/zbud
[    0.971206] Key type big_key registered
[    0.972293] Key type trusted registered
[    0.975873] Key type encrypted registered
[    0.976869] AppArmor: AppArmor sha1 policy hashing enabled
[    0.978131] ima: No TPM chip found, activating TPM-bypass! (rc=-19)
[    0.979464] ima: Allocated hash algorithm: sha1
[    0.980504] evm: HMAC attrs: 0x1
[    0.981458]   Magic number: 5:376:475
[    0.982355] rtc_cmos rtc_cmos: setting system clock to 2021-05-20 09:28:27 UTC (1621502907)
[    0.983922] BIOS EDD facility v0.16 2004-Jun-25, 0 devices found
[    0.985043] EDD information not available.
[    1.178835] Freeing unused kernel image memory: 2444K
[    1.284054] Write protecting the kernel read-only data: 20480k
[    1.285443] Freeing unused kernel image memory: 2008K
[    1.286611] Freeing unused kernel image memory: 1828K
[    1.295263] x86/mm: Checked W+X mappings: passed, no W+X pages found.
[    1.297229] x86/mm: Checking user space page tables
[    1.304910] x86/mm: Checked W+X mappings: passed, no W+X pages found.
Loading, please wait...
starting version 237
[    1.436450] e1000: Intel(R) PRO/1000 Network Driver - version 7.3.21-k8-NAPI
[    1.437687] e1000: Copyright (c) 1999-2006 Intel Corporation.
[    1.448762] Fusion MPT base driver 3.04.20
[    1.449487] Copyright (c) 1999-2008 LSI Corporation
[    1.463950] AVX2 version of gcm_enc/dec engaged.
[    1.465094] AES CTR mode by8 optimization enabled
[    1.470100] Fusion MPT SPI Host driver 3.04.20
[    1.649960] input: ImExPS/2 Generic Explorer Mouse as /devices/platform/i8042/serio1/input/input4
[    1.904831] e1000 0000:00:03.0 eth0: (PCI:33MHz:32-bit) 02:99:e6:1d:88:6e
[    1.906027] e1000 0000:00:03.0 eth0: Intel(R) PRO/1000 Network Connection
[    2.387610] e1000 0000:00:08.0 eth1: (PCI:33MHz:32-bit) 08:00:27:21:33:1e
[    2.402293] e1000 0000:00:08.0 eth1: Intel(R) PRO/1000 Network Connection
[    2.419795] mptbase: ioc0: Initiating bringup
[    2.449250] e1000 0000:00:08.0 enp0s8: renamed from eth1
[    2.491293] e1000 0000:00:03.0 enp0s3: renamed from eth0
[    2.529060] ioc0: LSI53C1030 A0: Capabilities={Initiator}
[    4.845477] scsi host2: ioc0: LSI53C1030 A0, FwRev=00000000h, Ports=1, MaxQ=256, IRQ=20
[    6.306724] scsi 2:0:0:0: Direct-Access     VBOX     HARDDISK         1.0  PQ: 0 ANSI: 5
[    6.340109] scsi target2:0:0: Beginning Domain Validation
[    6.343368] scsi target2:0:0: Domain Validation skipping write tests
[    6.345038] scsi target2:0:0: Ending Domain Validation
[    6.346414] scsi target2:0:0: asynchronous
[    6.348446] scsi 2:0:1:0: Direct-Access     VBOX     HARDDISK         1.0  PQ: 0 ANSI: 5
[    6.380212] scsi target2:0:1: Beginning Domain Validation
[    6.383257] random: fast init done
[    6.384729] scsi target2:0:1: Domain Validation skipping write tests
[    6.386337] scsi target2:0:1: Ending Domain Validation
[    6.387753] scsi target2:0:1: asynchronous
[    6.395731] random: systemd-udevd: uninitialized urandom read (16 bytes read)
[    6.397131] sd 2:0:0:0: Attached scsi generic sg0 type 0
[    6.397221] random: systemd-udevd: uninitialized urandom read (16 bytes read)
[    6.399531] random: systemd-udevd: uninitialized urandom read (16 bytes read)
[    6.400895] sd 2:0:1:0: Attached scsi generic sg1 type 0
[    6.400988] sd 2:0:0:0: [sda] 83886080 512-byte logical blocks: (42.9 GB/40.0 GiB)
[    6.403908] sd 2:0:0:0: [sda] Write Protect is off
[    6.404809] sd 2:0:1:0: [sdb] 20480 512-byte logical blocks: (10.5 MB/10.0 MiB)
[    6.406381] sd 2:0:1:0: [sdb] Write Protect is off
[    6.407495] sd 2:0:0:0: [sda] Incomplete mode parameter data
[    6.408414] sd 2:0:0:0: [sda] Assuming drive cache: write through
[    6.409634] sd 2:0:1:0: [sdb] Incomplete mode parameter data
[    6.410398] sd 2:0:1:0: [sdb] Assuming drive cache: write through
[    6.423922]  sda: sda1
[    6.425649] sd 2:0:0:0: [sda] Attached SCSI disk
[    6.426487] sd 2:0:1:0: [sdb] Attached SCSI disk
Begin: Loading essential drivers ... [    7.876094] raid6: sse2x1   gen() 10424 MB/s
[    7.924076] raid6: sse2x1   xor()  7316 MB/s
[    7.972084] raid6: sse2x2   gen() 12555 MB/s
[    8.020196] raid6: sse2x2   xor()  8096 MB/s
[    8.068058] raid6: sse2x4   gen() 13939 MB/s
[    8.116023] raid6: sse2x4   xor()  8251 MB/s
[    8.164124] raid6: avx2x1   gen() 18493 MB/s
[    8.212145] raid6: avx2x1   xor() 14304 MB/s
[    8.260067] raid6: avx2x2   gen() 23852 MB/s
[    8.308074] raid6: avx2x2   xor() 15161 MB/s
[    8.356095] raid6: avx2x4   gen() 27168 MB/s
[    8.404038] raid6: avx2x4   xor() 14850 MB/s
[    8.404664] raid6: using algorithm avx2x4 gen() 27168 MB/s
[    8.405463] raid6: .... xor() 14850 MB/s, rmw enabled
[    8.406184] raid6: using avx2x2 recovery algorithm
[    8.408150] xor: automatically using best checksumming function   avx       
[    8.410411] async_tx: api initialized (async)
done.
Begin: Running /scripts/init-premount ... done.
Begin: Mounting root file system ... Begin: Running /scripts/local-top ... done.
Begin: Running /scripts/local-premount ... [    8.455782] Btrfs loaded, crc32c=crc32c-intel
Scanning for Btrfs filesystems
done.
Warning: fsck not present, so skipping root file system
[    8.495020] EXT4-fs (sda1): mounted filesystem with ordered data mode. Opts: (null)
done.
Begin: Running /scripts/local-bottom ... done.
Begin: Running /scripts/init-bottom ... done.
[    8.738559] ip_tables: (C) 2000-2006 Netfilter Core Team
[    8.752334] systemd[1]: systemd 237 running in system mode. (+PAM +AUDIT +SELINUX +IMA +APPARMOR +SMACK +SYSVINIT +UTMP +LIBCRYPTSETUP +GCRYPT +GNUTLS +ACL +XZ +LZ4 +SECCOMP +BLKID +ELFUTILS +KMOD -IDN2 +IDN -PCRE2 default-hierarchy=hybrid)
[    8.755538] systemd[1]: Detected virtualization oracle.
[    8.756473] systemd[1]: Detected architecture x86-64.

Welcome to [1mUbuntu 18.04.5 LTS[0m!

[    8.764488] systemd[1]: Set hostname to <ubuntu-bionic>.
[    9.107225] systemd[1]: Created slice User and Session Slice.
[[0;32m  OK  [0m] Created slice User and Session Slice.
[    9.109817] systemd[1]: Reached target System Time Synchronized.
[[0;32m  OK  [0m] Reached target System Time Synchronized.
[    9.112096] systemd[1]: Reached target Swap.
[[0;32m  OK  [0m] Reached target Swap.
[    9.114013] systemd[1]: Set up automount Arbitrary Executable File Formats File System Automount Point.
[[0;32m  OK  [0m] Set up automount Arbitrary Executab…rmats File System Automount Point.
[    9.116878] systemd[1]: Created slice System Slice.
[[0;32m  OK  [0m] Created slice System Slice.
[    9.128472] systemd[1]: Listening on udev Control Socket.
[[0;32m  OK  [0m] Listening on udev Control Socket.
[[0;32m  OK  [0m] Listening on /dev/initctl Compatibility Named Pipe.
[[0;32m  OK  [0m] Listening on Device-mapper event daemon FIFOs.
[[0;32m  OK  [0m] Reached target Slices.
[[0;32m  OK  [0m] Listening on udev Kernel Socket.
[[0;32m  OK  [0m] Listening on Journal Audit Socket.
[[0;32m  OK  [0m] Listening on LVM2 metadata daemon socket.
[[0;32m  OK  [0m] Reached target User and Group Name Lookups.
[[0;32m  OK  [0m] Listening on Journal Socket (/dev/log).
[[0;32m  OK  [0m] Listening on Syslog Socket.
[[0;32m  OK  [0m] Listening on Journal Socket.
         Starting Set the console keyboard layout...
         Starting Monitoring of LVM2 mirrors…ng dmeventd or progress polling...
         Mounting Huge Pages File System...
         Starting Load Kernel Modules...
         Mounting Kernel Debug File System...
         Starting Uncomplicated firewall...
         Starting Journal Service...
[[0;32m  OK  [0m] Listening on fsck to fsckd communication Socket.
         Starting File System Check on Root Device...
         Mounting POSIX Message Queue File System...
         Starting Create list of required st…ce nodes for the current kernel...
[[0;32m  OK  [0m] Started Forward Password Requests to Wall Directory Watch.
[[0;32m  OK  [0m] Listening on Network Service Netlink Socket.
[[0;32m  OK  [0m] Listening on LVM2 poll daemon socket.
         Starting udev Coldplug all Devices...
[[0;32m  OK  [0m] Created slice system-serial\x2dgetty.slice.
[[0;32m  OK  [0m] Mounted Huge Pages File System.
[[0;32m  OK  [0m] Mounted Kernel Debug File System.
[[0;32m  OK  [0m] Mounted POSIX Message Queue File System.
[[0;32m  OK  [0m] Started LVM2 metadata daemon.
[    9.261753] Loading iSCSI transport class v2.0-870.
[[0;32m  OK  [0m] Started Uncomplicated firewall.
[[0;32m  OK  [0m] Started File System Check Daemon to report status.
[[0;32m  OK  [0m] Started Create list of required sta…vice nodes for the current kernel.
         Starting Create Static Device Nodes in /dev...
[[0;32m  OK  [0m] Started Journal Service.
[    9.333220] iscsi: registered transport (tcp)
[[0;32m  OK  [0m] Started udev Coldplug all Devices.
[[0;32m  OK  [0m] Started Create Static Device Nodes in /dev.
[[0;32m  OK  [0m] Started Monitoring of LVM2 mirrors,…sing dmeventd or progress polling.
[[0;32m  OK  [0m] Started Set the console keyboard layout.
[    9.437332] iscsi: registered transport (iser)
[[0;32m  OK  [0m] Started Load Kernel Modules.
         Starting Apply Kernel Variables...
         Mounting FUSE Control File System...
         Mounting Kernel Configuration File System...
[[0;32m  OK  [0m] Mounted FUSE Control File System.
[[0;32m  OK  [0m] Started File System Check on Root Device.
[[0;32m  OK  [0m] Mounted Kernel Configuration File System.
         Starting Remount Root and Kernel File Systems...
[[0;32m  OK  [0m] Started Apply Kernel Variables.
[[0;32m  OK  [0m] Started Remount Root and Kernel File Systems.
         Starting udev Kernel Device Manager...
         Starting Flush Journal to Persistent Storage...
[[0;32m  OK  [0m] Reached target Local File Systems (Pre).
         Starting Load/Save Random Seed...
[[0;32m  OK  [0m] Reached target Local File Systems.
         Starting Set console font and keymap...
         Starting ebtables ruleset management...
         Starting AppArmor initialization...
         Starting Tell Plymouth To Write Out Runtime Data...
[[0;32m  OK  [0m] Started udev Kernel Device Manager.
[[0;32m  OK  [0m] Started Dispatch Password Requests to Console Directory Watch.
[[0;32m  OK  [0m] Reached target Local Encrypted Volumes.
[[0;32m  OK  [0m] Started Load/Save Random Seed.
[[0;32m  OK  [0m] Started Set console font and keymap.
[[0;32m  OK  [0m] Started Tell Plymouth To Write Out Runtime Data.
[[0;32m  OK  [0m] Started Flush Journal to Persistent Storage.
         Starting Create Volatile Files and Directories...
[[0;32m  OK  [0m] Started Create Volatile Files and Directories.
         Starting Update UTMP about System Boot/Shutdown...
[[0;32m  OK  [0m] Started Update UTMP about System Boot/Shutdown.
[[0;32m  OK  [0m] Started ebtables ruleset management.
[[0;32m  OK  [0m] Found device /dev/ttyS0.
[[0;32m  OK  [0m] Listening on Load/Save RF Kill Switch Status /dev/rfkill Watch.
[[0;32m  OK  [0m] Started AppArmor initialization.
         Starting Initial cloud-init job (pre-networking)...
         Starting Load AppArmor profiles managed internally by snapd...
[[0;32m  OK  [0m] Started Load AppArmor profiles managed internally by snapd.
[   11.705855] cloud-init[555]: Cloud-init v. 21.1-19-gbad84ad4-0ubuntu1~18.04.2 running 'init-local' at Thu, 20 May 2021 09:28:37 +0000. Up 11.46 seconds.
[[0;32m  OK  [0m] Started Initial cloud-init job (pre-networking).
[[0;32m  OK  [0m] Reached target Network (Pre).
         Starting Network Service...
[[0;32m  OK  [0m] Started Network Service.
         Starting Wait for Network to be Configured...
         Starting Network Name Resolution...
[[0;32m  OK  [0m] Started Network Name Resolution.
[[0;32m  OK  [0m] Reached target Network.
[[0;32m  OK  [0m] Reached target Host and Network Name Lookups.
[[0;32m  OK  [0m] Started Wait for Network to be Configured.
         Starting Initial cloud-init job (metadata service crawler)...
[   14.495977] cloud-init[673]: Cloud-init v. 21.1-19-gbad84ad4-0ubuntu1~18.04.2 running 'init' at Thu, 20 May 2021 09:28:40 +0000. Up 14.29 seconds.
[   14.497779] cloud-init[673]: ci-info: ++++++++++++++++++++++++++++++++++++++Net device info+++++++++++++++++++++++++++++++++++++++
[   14.499141] cloud-init[673]: ci-info: +--------+------+-----------------------------+---------------+--------+-------------------+
[   14.500366] cloud-init[673]: ci-info: | Device |  Up  |           Address           |      Mask     | Scope  |     Hw-Address    |
[   14.501401] cloud-init[673]: ci-info: +--------+------+-----------------------------+---------------+--------+-------------------+
[   14.512467] cloud-init[673]: ci-info: | enp0s3 | True |          10.0.2.15          | 255.255.255.0 | global | 02:99:e6:1d:88:6e |
[   14.513783] cloud-init[673]: ci-info: | enp0s3 | True |  fe80::99:e6ff:fe1d:886e/64 |       .       |  link  | 02:99:e6:1d:88:6e |
[   14.524343] cloud-init[673]: ci-info: | enp0s8 | True |          172.16.2.9         | 255.255.255.0 | global | 08:00:27:21:33:1e |
[   14.536385] cloud-init[673]: ci-info: | enp0s8 | True | fe80::a00:27ff:fe21:331e/64 |       .       |  link  | 08:00:27:21:33:1e |
[   14.540336] cloud-init[673]: ci-info: |   lo   | True |          127.0.0.1          |   255.0.0.0   |  host  |         .         |
[   14.541814] cloud-init[673]: ci-info: |   lo   | True |           ::1/128           |       .       |  host  |         .         |
[   14.543428] cloud-init[673]: ci-info: +--------+------+-----------------------------+---------------+--------+-------------------+
[   14.544825] cloud-init[673]: ci-info: ++++++++++++++++++++++++++++Route IPv4 info+++++++++++++++++++++++++++++
[   14.546275] cloud-init[673]: ci-info: +-------+-------------+----------+-----------------+-----------+-------+
[   14.547235] cloud-init[673]: ci-info: | Route | Destination | Gateway  |     Genmask     | Interface | Flags |
[   14.561238] cloud-init[673]: ci-info: +-------+-------------+----------+-----------------+-----------+-------+
[   14.564016] cloud-init[673]: ci-info: |   0   |   0.0.0.0   | 10.0.2.2 |     0.0.0.0     |   enp0s3  |   UG  |
[   14.565829] cloud-init[673]: ci-info: |   1   |   10.0.2.0  | 0.0.0.0  |  255.255.255.0  |   enp0s3  |   U   |
[   14.567260] cloud-init[673]: ci-info: |   2   |   10.0.2.2  | 0.0.0.0  | 255.255.255.255 |   enp0s3  |   UH  |
[   14.569012] cloud-init[673]: ci-info: |   3   |  172.16.2.0 | 0.0.0.0  |  255.255.255.0  |   enp0s8  |   U   |
[   14.570683] cloud-init[673]: ci-info: +-------+-------------+----------+-----------------+-----------+-------+
[   14.572725] cloud-init[673]: ci-info: +++++++++++++++++++Route IPv6 info+++++++++++++++++++
[   14.584342] cloud-init[673]: ci-info: +-------+-------------+---------+-----------+-------+
[   14.585409] cloud-init[673]: ci-info: | Route | Destination | Gateway | Interface | Flags |
[   14.586523] cloud-init[673]: ci-info: +-------+-------------+---------+-----------+-------+
[   14.587841] cloud-init[673]: ci-info: |   1   |  fe80::/64  |    ::   |   enp0s8  |   U   |
[   14.589022] cloud-init[673]: ci-info: |   2   |  fe80::/64  |    ::   |   enp0s3  |   U   |
[   14.590107] cloud-init[673]: ci-info: |   4   |    local    |    ::   |   enp0s3  |   U   |
[   14.591325] cloud-init[673]: ci-info: |   5   |    local    |    ::   |   enp0s8  |   U   |
[   14.593032] cloud-init[673]: ci-info: |   6   |   ff00::/8  |    ::   |   enp0s8  |   U   |
[   14.594668] cloud-init[673]: ci-info: |   7   |   ff00::/8  |    ::   |   enp0s3  |   U   |
[   14.608361] cloud-init[673]: ci-info: +-------+-------------+---------+-----------+-------+
[[0;32m  OK  [0m] Started Initial cloud-init job (metadata service crawler).
[[0;32m  OK  [0m] Reached target Cloud-config availability.
[[0;32m  OK  [0m] Reached target System Initialization.
[[0;32m  OK  [0m] Listening on Open-iSCSI iscsid Socket.
[[0;32m  OK  [0m] Listening on D-Bus System Message Bus Socket.
[[0;32m  OK  [0m] Started ACPI Events Check.
[[0;32m  OK  [0m] Listening on ACPID Listen Socket.
[[0;32m  OK  [0m] Started Daily apt download activities.
         Starting LXD - unix socket.
[[0;32m  OK  [0m] Started Ubuntu Advantage update messaging.
[[0;32m  OK  [0m] Started Daily Cleanup of Temporary Directories.
         Starting Socket activation for snappy daemon.
[[0;32m  OK  [0m] Reached target Paths.
[[0;32m  OK  [0m] Listening on UUID daemon activation socket.
[[0;32m  OK  [0m] Started Message of the Day.
[[0;32m  OK  [0m] Started Clean PHP session files every 30 mins.
[[0;32m  OK  [0m] Started Daily apt upgrade and clean activities.
[[0;32m  OK  [0m] Started Discard unused blocks once a week.
[[0;32m  OK  [0m] Reached target Timers.
[[0;32m  OK  [0m] Reached target Network is Online.
         Starting Availability of block devices...
[[0;32m  OK  [0m] Reached target Remote File Systems (Pre).
         Mounting /vagrant...
[[0;32m  OK  [0m] Listening on LXD - unix socket.
[[0;32m  OK  [0m] Listening on Socket activation for snappy daemon.
[[0;32m  OK  [0m] Reached target Sockets.
[[0;32m  OK  [0m] Reached target Basic System.
         Starting Virtualbox guest utils...
[[0;32m  OK  [0m] Started Deferred execution scheduler.
         Starting Accounts Service...
         Starting Login Service...
         Starting LXD - container startup/shutdown...
         Starting Snap Daemon...
[[0;32m  OK  [0m] Started D-Bus System Message Bus.
[[0;32m  OK  [0m] Started Login Service.
         Starting LSB: Record successful boot for GRUB...
         Starting OpenBSD Secure Shell server...
[[0;32m  OK  [0m] Started Unattended Upgrades Shutdown.
         Starting Dispatcher daemon for systemd-networkd...
[[0;32m  OK  [0m] Started Regular background program processing daemon.
[[0;32m  OK  [0m] Started irqbalance daemon.
[[0;32m  OK  [0m] Started FUSE filesystem for LXC.
         Starting MySQL Community Server...
         Starting System Logging Service...
[[0;32m  OK  [0m] Started Availability of block devices.
[[0;32m  OK  [0m] Mounted /vagrant.
[[0;32m  OK  [0m] Reached target Remote File Systems.
         Starting LSB: automatic crash report generation...
         Starting Permit User Sessions...
         Starting The Apache HTTP Server...
[[0;32m  OK  [0m] Started System Logging Service.
[[0;32m  OK  [0m] Started Permit User Sessions.
         Starting Terminate Plymouth Boot Screen...
         Starting Hold until boot process finishes up...
         Starting Authorization Manager...
[[0;32m  OK  [0m] Started Hold until boot process finishes up.
[[0;32m  OK  [0m] Started Terminate Plymouth Boot Screen.
[[0;32m  OK  [0m] Started Serial Getty on ttyS0.
         Starting Set console scheme...
[[0;32m  OK  [0m] Started LSB: Record successful boot for GRUB.
[[0;32m  OK  [0m] Started Virtualbox guest utils.
[[0;32m  OK  [0m] Started Authorization Manager.
[[0;32m  OK  [0m] Started OpenBSD Secure Shell server.
[[0;32m  OK  [0m] Started Accounts Service.
[[0;32m  OK  [0m] Started Set console scheme.
[[0;32m  OK  [0m] Created slice system-getty.slice.
[[0;32m  OK  [0m] Started Getty on tty1.
[[0;32m  OK  [0m] Reached target Login Prompts.
[[0;32m  OK  [0m] Started LSB: automatic crash report generation.
[[0;32m  OK  [0m] Started LXD - container startup/shutdown.
[[0;32m  OK  [0m] Created slice User Slice of vagrant.
[[0;32m  OK  [0m] Started The Apache HTTP Server.
[[0;32m  OK  [0m] Started Session 1 of user vagrant.
         Starting User Manager for UID 1000...
[[0;32m  OK  [0m] Started Snap Daemon.
         Starting Wait until snapd is fully seeded...
[[0;32m  OK  [0m] Started Wait until snapd is fully seeded.
         Starting Apply the settings specified in cloud-config...
[[0;32m  OK  [0m] Started User Manager for UID 1000.
[[0;32m  OK  [0m] Started Dispatcher daemon for systemd-networkd.
[   17.399782] cloud-init[1168]: Cloud-init v. 21.1-19-gbad84ad4-0ubuntu1~18.04.2 running 'modules:config' at Thu, 20 May 2021 09:28:43 +0000. Up 17.27 seconds.
[[0;32m  OK  [0m] Started Apply the settings specified in cloud-config.
[[0;32m  OK  [0m] Started MySQL Community Server.
[[0;32m  OK  [0m] Reached target Multi-User System.
         Starting Execute cloud user/final scripts...
[[0;32m  OK  [0m] Reached target Graphical Interface.
         Starting Update UTMP about System Runlevel Changes...
[[0;32m  OK  [0m] Started Update UTMP about System Runlevel Changes.
[   18.278973] cloud-init[1274]: Cloud-init v. 21.1-19-gbad84ad4-0ubuntu1~18.04.2 running 'modules:final' at Thu, 20 May 2021 09:28:44 +0000. Up 18.14 seconds.
[   18.281407] cloud-init[1274]: Cloud-init v. 21.1-19-gbad84ad4-0ubuntu1~18.04.2 finished at Thu, 20 May 2021 09:28:44 +0000. Datasource DataSourceNoCloud [seed=/dev/sdb][dsmode=net].  Up 18.26 seconds
[[0;32m  OK  [0m] Started Execute cloud user/final scripts.
[[0;32m  OK  [0m] Reached target Cloud-init target.

Ubuntu 18.04.5 LTS ubuntu-bionic ttyS0

ubuntu-bionic login: 